<?xml version="1.0" encoding="UTF-8"?>
<!-- Generated by org.testng.reporters.JUnitReportReporter -->
<testsuite hostname="LAPTOP-3IV83C9A" failures="0" tests="3" name="com.crm.qa.testcases.ContactsPageTest" time="17.814" errors="0" timestamp="2024-11-13T09:49:31 EST" skipped="0">
  <testcase classname="com.crm.qa.testcases.ContactsPageTest" name="validatenewcontact" time="5.763"/>
  <testcase classname="com.crm.qa.testcases.ContactsPageTest" name="validatenewcontact" time="6.456"/>
  <testcase classname="com.crm.qa.testcases.ContactsPageTest" name="validatenewcontact" time="5.595"/>
</testsuite> <!-- com.crm.qa.testcases.ContactsPageTest -->
