<?xml version="1.0" encoding="UTF-8"?>
<!-- Generated by org.testng.reporters.JUnitReportReporter -->
<testsuite hostname="LAPTOP-3IV83C9A" failures="0" tests="3" name="com.crm.qa.testcases.HomePageTest" time="14.604" errors="0" timestamp="2024-11-13T09:49:31 EST" skipped="0">
  <testcase classname="com.crm.qa.testcases.HomePageTest" name="homepageTitleTest" time="4.086"/>
  <testcase classname="com.crm.qa.testcases.HomePageTest" name="logotest" time="4.517"/>
  <testcase classname="com.crm.qa.testcases.HomePageTest" name="verifyblogLinkTest" time="6.001"/>
</testsuite> <!-- com.crm.qa.testcases.HomePageTest -->
