<?xml version="1.0" encoding="UTF-8"?>
<!-- Generated by org.testng.reporters.JUnitReportReporter -->
<testsuite hostname="LAPTOP-3IV83C9A" failures="0" tests="2" name="com.crm.qa.testcases.GiftcardPageTest" time="13.417" errors="0" timestamp="2024-11-05T22:12:03 EST" skipped="0">
  <testcase classname="com.crm.qa.testcases.GiftcardPageTest" name="verifygiftcardpagelable" time="5.988"/>
  <testcase classname="com.crm.qa.testcases.GiftcardPageTest" name="clickredeem" time="7.429"/>
</testsuite> <!-- com.crm.qa.testcases.GiftcardPageTest -->
