<?xml version="1.0" encoding="UTF-8"?>
<!-- Generated by org.testng.reporters.JUnitReportReporter -->
<testsuite hostname="LAPTOP-3IV83C9A" failures="0" tests="1" name="com.crm.qa.testcases.LoginPageTest" time="14.731" errors="0" timestamp="2024-11-06T11:37:12 EST" skipped="0">
  <testcase classname="com.crm.qa.testcases.LoginPageTest" name="verifygiftcardlink" time="14.731"/>
</testsuite> <!-- com.crm.qa.testcases.LoginPageTest -->
