<?xml version="1.0" encoding="UTF-8"?>
<!-- Generated by org.testng.reporters.JUnitReportReporter -->
<testsuite hostname="LAPTOP-3IV83C9A" failures="0" tests="3" name="com.crm.qa.testcases.ContactsPageTest" time="17.870" errors="0" timestamp="2024-11-13T09:17:04 EST" skipped="0">
  <testcase classname="com.crm.qa.testcases.ContactsPageTest" name="validatenewcontact" time="6.295"/>
  <testcase classname="com.crm.qa.testcases.ContactsPageTest" name="validatenewcontact" time="5.437"/>
  <testcase classname="com.crm.qa.testcases.ContactsPageTest" name="validatenewcontact" time="6.138"/>
</testsuite> <!-- com.crm.qa.testcases.ContactsPageTest -->
